[32m2024-06-15 13:45:07 +0000[0m - dagster - [34mDEBUG[0m - __ASSET_JOB - 0dfb4247-a2ad-4642-9874-036c87f7f86d - 176041 - LOGS_CAPTURED - Started capturing logs in process (pid: 176041).
[32m2024-06-15 13:45:07 +0000[0m - dagster - [34mDEBUG[0m - __ASSET_JOB - 0dfb4247-a2ad-4642-9874-036c87f7f86d - 176041 - spark_operator.create_stock_tables[stock_AADI] - STEP_START - Started execution of step "spark_operator.create_stock_tables[stock_AADI]".
[32m2024-06-15 13:45:08 +0000[0m - dagster - [34mDEBUG[0m - __ASSET_JOB - 0dfb4247-a2ad-4642-9874-036c87f7f86d - spark_operator.create_stock_tables[stock_AADI] - Loading file from: /workspaces/practical-data-engineering/finnhub-batch-stock-pipeline/tmpoagzo_ny/storage/0dfb4247-a2ad-4642-9874-036c87f7f86d/spark_operator.stock_tables/result/stock_AADI using PickledObjectFilesystemIOManager...
[32m2024-06-15 13:45:08 +0000[0m - dagster - [34mDEBUG[0m - __ASSET_JOB - 0dfb4247-a2ad-4642-9874-036c87f7f86d - 176041 - spark_operator.create_stock_tables[stock_AADI] - LOADED_INPUT - Loaded input "input_fn" using input manager "io_manager", from output "result" of step "spark_operator.stock_tables"
[32m2024-06-15 13:45:08 +0000[0m - dagster - [34mDEBUG[0m - __ASSET_JOB - 0dfb4247-a2ad-4642-9874-036c87f7f86d - 176041 - spark_operator.create_stock_tables[stock_AADI] - STEP_INPUT - Got input "input_fn" of type "Any". (Type check passed).
24/06/15 13:45:17 WARN Utils: Your hostname, codespaces-e7c8c2 resolves to a loopback address: 127.0.0.1; using 172.16.5.4 instead (on interface eth0)
24/06/15 13:45:17 WARN Utils: Set SPARK_LOCAL_IP if you need to bind to another address
24/06/15 13:45:20 WARN NativeCodeLoader: Unable to load native-hadoop library for your platform... using builtin-java classes where applicable
Setting default log level to "WARN".
To adjust logging level use sc.setLogLevel(newLevel). For SparkR, use setLogLevel(newLevel).
24/06/15 13:45:25 WARN Utils: Service 'SparkUI' could not bind on port 4040. Attempting port 4041.
24/06/15 13:45:25 WARN Utils: Service 'SparkUI' could not bind on port 4041. Attempting port 4042.
24/06/15 13:45:25 WARN Utils: Service 'SparkUI' could not bind on port 4042. Attempting port 4043.
24/06/15 13:45:25 WARN Utils: Service 'SparkUI' could not bind on port 4043. Attempting port 4044.
24/06/15 13:45:42 WARN GarbageCollectionMetrics: To enable non-built-in garbage collector(s) List(G1 Concurrent GC), users should configure it(them) to spark.eventLog.gcMetrics.youngGenerationGarbageCollectors or spark.eventLog.gcMetrics.oldGenerationGarbageCollectors
[Stage 0:>                                                          (0 + 0) / 4][Stage 0:>                                                          (0 + 4) / 4][Stage 0:=============================>                             (2 + 2) / 4][Stage 0:============================================>              (3 + 1) / 4]                                                                                24/06/15 13:46:04 WARN SparkStringUtils: Truncated the string representation of a plan since it was too large. This behavior can be adjusted by setting 'spark.sql.debug.maxToStringFields'.
[Stage 1:>                                                          (0 + 4) / 4]                                                                                [Stage 4:>                                                          (0 + 1) / 1]                                                                                [Stage 5:>                                                          (0 + 3) / 3][Stage 5:===================>                                       (1 + 2) / 3][Stage 5:=======================================>                   (2 + 1) / 3]                                                                                [32m2024-06-15 13:46:11 +0000[0m - dagster - [34mINFO[0m - __ASSET_JOB - 0dfb4247-a2ad-4642-9874-036c87f7f86d - spark_operator.create_stock_tables[stock_AADI] - Row(10DayAverageTradingVolume=0.07616, 13WeekPriceReturnDaily=-17.561, 26WeekPriceReturnDaily=-65.9274, 3MonthADReturnStd=58.684193, 3MonthAverageTradingVolume=0.06399, 52WeekHigh=8.33, 52WeekHighDate='2023-06-16', 52WeekLow=1.555, 52WeekLowDate='2024-01-17', 52WeekPriceReturnDaily=-79.3902, 5DayPriceReturnDaily=-2.8736, assetTurnoverAnnual=0.1839, assetTurnoverTTM=0.1784, beta=-0.06405689, bookValuePerShareAnnual=4.2842, bookValuePerShareQuarterly=3.6841, bookValueShareGrowth5Y=-7.67198, capexCagr5Y=150.84, cashFlowPerShareAnnual=-2.5916, cashFlowPerShareQuarterly=-2.4984, cashFlowPerShareTTM=-2.3514, cashPerSharePerShareAnnual=4.4328, cashPerSharePerShareQuarterly=3.5949, currentDividendYieldTTM=0, currentRatioAnnual=4.7201, currentRatioQuarterly=5.1609, dividendPerShareAnnual=0, dividendPerShareTTM=0, ebitdPerShareAnnual=-2.666, ebitdPerShareTTM=-2.7626, ebitdaCagr5Y=None, ebitdaInterimCagr5Y=None, enterpriseValue=-12.5289, epsAnnual=-2.4432, epsBasicExclExtraItemsAnnual=-2.4432, epsBasicExclExtraItemsTTM=-2.5545, epsExclExtraItemsAnnual=-2.4432, epsExclExtraItemsTTM=-2.5545, epsGrowth3Y=None, epsGrowth5Y=None, epsGrowthQuarterlyYoy=None, epsGrowthTTMYoy=None, epsInclExtraItemsAnnual=-2.4432, epsInclExtraItemsTTM=-2.5545, epsNormalizedAnnual=-2.4432, epsTTM=-2.5545, focfCagr5Y=None, grossMarginAnnual=88.47, grossMarginTTM=87.82, inventoryTurnoverTTM=0.6037, longTermDebt/equityAnnual=0, longTermDebt/equityQuarterly=0, marketCapitalization=41.251064, monthToDatePriceReturnDaily=-6.1111, netIncomeEmployeeAnnual=-0.7473, netIncomeEmployeeTTM=-0.7821, netInterestCoverageAnnual=-330.6667, netInterestCoverageTTM=-193.5455, netProfitMargin5Y=-2115.49, netProfitMarginAnnual=-270.04, netProfitMarginTTM=-341.66, operatingMargin5Y=-2143.51, operatingMarginAnnual=-295.36, operatingMarginTTM=-364.51, pbAnnual=0.471, pbQuarterly=0.627, pcfShareAnnual=None, pcfShareTTM=None, peAnnual=None, peBasicExclExtraTTM=None, peExclExtraTTM=None, peInclExtraTTM=None, peNormalizedAnnual=None, peTTM=None, pretaxMargin5Y=-2115.49, pretaxMarginAnnual=-270.04, pretaxMarginTTM=-341.66, priceRelativeToS&P50013Week=-22.9654, priceRelativeToS&P50026Week=-83.8718, priceRelativeToS&P5004Week=-14.036, priceRelativeToS&P50052Week=-102.0246, priceRelativeToS&P500Ytd=-30.5315, psAnnual=1.6938, psTTM=1.7304, ptbvAnnual=1.9772, ptbvQuarterly=1.9772, quickRatioAnnual=4.3316, quickRatioQuarterly=4.6895, receivablesTurnoverAnnual=6.5929, receivablesTurnoverTTM=4.5265, revenueEmployeeAnnual=0.2767, revenueEmployeeTTM=0.2709, revenueGrowth3Y=17.53, revenueGrowth5Y=3.85, revenueGrowthQuarterlyYoy=-8.81, revenueGrowthTTMYoy=26.87, revenuePerShareAnnual=0.9047, revenuePerShareTTM=0.8836, revenueShareGrowth5Y=-36.73, roa5Y=-44.03, roaRfy=-49.66, roaTTM=-51.519999999999996, roe5Y=-51.04, roeRfy=-62.519999999999996, roeTTM=-61.83, roi5Y=-50.36, roiAnnual=-62.519999999999996, roiTTM=-61.83, tangibleBookValuePerShareAnnual=6.4877, tangibleBookValuePerShareQuarterly=6.4877, tbvCagr5Y=55.47198, totalDebt/totalEquityAnnual=0, totalDebt/totalEquityQuarterly=0, yearToDatePriceReturnDaily=-16.3366)
[Stage 6:>                                                          (0 + 4) / 4][Stage 6:============================================>              (3 + 1) / 4]                                                                                [Stage 7:>                                                          (0 + 4) / 4][Stage 7:>                  (0 + 4) / 4][Stage 8:>                  (0 + 0) / 4][Stage 7:==============>    (3 + 1) / 4][Stage 8:>                  (0 + 3) / 4][Stage 7:==============>    (3 + 1) / 4][Stage 8:>                  (0 + 4) / 4][Stage 8:>                                                          (0 + 4) / 4][Stage 8:=============================>                             (2 + 2) / 4][Stage 8:============================================>              (3 + 1) / 4][Stage 11:>                                                         (0 + 1) / 1]                                                                                [Stage 16:>                                                         (0 + 4) / 4][Stage 16:=============>    (3 + 1) / 4][Stage 17:>                 (0 + 3) / 4][Stage 17:>                                                         (0 + 4) / 4][Stage 17:==============>                                           (1 + 3) / 4][Stage 17:=============================>                            (2 + 2) / 4][Stage 17:===========================================>              (3 + 1) / 4]                                                                                [32m2024-06-15 13:46:40 +0000[0m - dagster - [34mINFO[0m - __ASSET_JOB - 0dfb4247-a2ad-4642-9874-036c87f7f86d - spark_operator.create_stock_tables[stock_AADI] - Row(date='2015-12-31', quarterly.assetTurnoverTTM=None, quarterly.bookValue=None, quarterly.cashRatio=None, quarterly.currentRatio=None, quarterly.ebitPerShare=None, quarterly.eps=None, quarterly.ev=None, quarterly.fcfMargin=None, quarterly.fcfPerShareTTM=None, quarterly.grossMargin=None, quarterly.inventoryTurnoverTTM=None, quarterly.longtermDebtTotalAsset=None, quarterly.longtermDebtTotalCapital=None, quarterly.longtermDebtTotalEquity=None, quarterly.netDebtToTotalCapital=None, quarterly.netDebtToTotalEquity=None, quarterly.netMargin=None, quarterly.operatingMargin=None, quarterly.pb=None, quarterly.pretaxMargin=None, quarterly.psTTM=None, quarterly.ptbv=None, quarterly.quickRatio=None, quarterly.receivablesTurnoverTTM=None, quarterly.roaTTM=None, quarterly.roeTTM=None, quarterly.roicTTM=None, quarterly.rotcTTM=None, quarterly.salesPerShare=None, quarterly.sgaToSale=None, quarterly.tangibleBookValue=None, quarterly.totalDebtToEquity=None, quarterly.totalDebtToTotalAsset=None, quarterly.totalDebtToTotalCapital=None, quarterly.totalRatio=None, annual.bookValue=None, annual.cashRatio=2.318181818181818, annual.currentRatio=2.7273, annual.ebitPerShare=-9.7167, annual.eps=-9.4833, annual.ev=None, annual.grossMargin=None, annual.longtermDebtTotalAsset=None, annual.longtermDebtTotalCapital=None, annual.longtermDebtTotalEquity=None, annual.netDebtToTotalCapital=None, annual.netDebtToTotalEquity=None, annual.netMargin=None, annual.operatingMargin=None, annual.pb=None, annual.pe=None, annual.pretaxMargin=None, annual.ps=None, annual.ptbv=None, annual.quickRatio=2.5909, annual.receivablesTurnover=None, annual.roa=-2.7984, annual.roe=None, annual.roic=None, annual.rotc=None, annual.salesPerShare=0.0, annual.sgaToSale=None, annual.tangibleBookValue=None, annual.totalDebtToEquity=None, annual.totalDebtToTotalAsset=0.0, annual.totalDebtToTotalCapital=None, annual.totalRatio=2.7727)
[Stage 21:>                                                         (0 + 4) / 4][Stage 21:==============>                                           (1 + 3) / 4][Stage 21:=============================>                            (2 + 2) / 4][Stage 21:===========================================>              (3 + 1) / 4][Stage 22:>                                                         (0 + 4) / 4][Stage 22:==============>                                           (1 + 3) / 4][Stage 22:=============================>                            (2 + 2) / 4][Stage 23:>                                                         (0 + 4) / 4][Stage 23:>                 (0 + 4) / 4][Stage 24:>                 (0 + 0) / 4][Stage 23:====>             (1 + 3) / 4][Stage 24:>                 (0 + 1) / 4][Stage 23:=============>    (3 + 1) / 4][Stage 24:>                 (0 + 3) / 4][Stage 24:>                                                         (0 + 4) / 4][Stage 24:=============================>                            (2 + 2) / 4][Stage 24:===========================================>              (3 + 1) / 4][Stage 25:>                                                         (0 + 4) / 4][Stage 25:>                 (0 + 4) / 4][Stage 26:>                 (0 + 0) / 4][Stage 25:====>             (1 + 3) / 4][Stage 26:>                 (0 + 1) / 4][Stage 25:=========>        (2 + 2) / 4][Stage 26:>                 (0 + 2) / 4][Stage 26:>                                                         (0 + 4) / 4][Stage 26:==============>                                           (1 + 3) / 4][Stage 30:>                                                         (0 + 4) / 4][Stage 30:==============>                                           (1 + 3) / 4][Stage 30:===========================================>              (3 + 1) / 4]----------------------------------------
Exception occurred during processing of request from ('127.0.0.1', 38254)
Traceback (most recent call last):
  File "/usr/local/python/3.10.13/lib/python3.10/socketserver.py", line 316, in _handle_request_noblock
    self.process_request(request, client_address)
  File "/usr/local/python/3.10.13/lib/python3.10/socketserver.py", line 347, in process_request
    self.finish_request(request, client_address)
  File "/usr/local/python/3.10.13/lib/python3.10/socketserver.py", line 360, in finish_request
    self.RequestHandlerClass(request, client_address, self)
  File "/usr/local/python/3.10.13/lib/python3.10/socketserver.py", line 747, in __init__
    self.handle()
  File "/usr/local/python/3.10.13/lib/python3.10/site-packages/pyspark/accumulators.py", line 295, in handle
    poll(accum_updates)
  File "/usr/local/python/3.10.13/lib/python3.10/site-packages/pyspark/accumulators.py", line 267, in poll
    if self.rfile in r and func():
  File "/usr/local/python/3.10.13/lib/python3.10/site-packages/pyspark/accumulators.py", line 271, in accum_updates
    num_updates = read_int(self.rfile)
  File "/usr/local/python/3.10.13/lib/python3.10/site-packages/pyspark/serializers.py", line 596, in read_int
    raise EOFError
EOFError
----------------------------------------
ERROR:root:Exception while sending command.
Traceback (most recent call last):
  File "/usr/local/python/3.10.13/lib/python3.10/site-packages/py4j/clientserver.py", line 516, in send_command
    raise Py4JNetworkError("Answer from Java side is empty")
py4j.protocol.Py4JNetworkError: Answer from Java side is empty

During handling of the above exception, another exception occurred:

Traceback (most recent call last):
  File "/usr/local/python/3.10.13/lib/python3.10/site-packages/py4j/java_gateway.py", line 1038, in send_command
    response = connection.send_command(command)
  File "/usr/local/python/3.10.13/lib/python3.10/site-packages/py4j/clientserver.py", line 539, in send_command
    raise Py4JNetworkError(
py4j.protocol.Py4JNetworkError: Error while sending or receiving
[32m2024-06-15 13:47:28 +0000[0m - dagster - [34mINFO[0m - __ASSET_JOB - 0dfb4247-a2ad-4642-9874-036c87f7f86d - spark_operator.create_stock_tables[stock_AADI] - Pyspark Error: An error occurred while calling o1570.withColumn
[32m2024-06-15 13:47:28 +0000[0m - dagster - [34mDEBUG[0m - __ASSET_JOB - 0dfb4247-a2ad-4642-9874-036c87f7f86d - 176041 - spark_operator.create_stock_tables[stock_AADI] - STEP_OUTPUT - Yielded output "metric_and_series" of type "Any". (Type check passed).
ERROR:root:Exception while sending command.
Traceback (most recent call last):
  File "/usr/local/python/3.10.13/lib/python3.10/site-packages/py4j/clientserver.py", line 516, in send_command
    raise Py4JNetworkError("Answer from Java side is empty")
py4j.protocol.Py4JNetworkError: Answer from Java side is empty

During handling of the above exception, another exception occurred:

Traceback (most recent call last):
  File "/usr/local/python/3.10.13/lib/python3.10/site-packages/py4j/java_gateway.py", line 1038, in send_command
    response = connection.send_command(command)
  File "/usr/local/python/3.10.13/lib/python3.10/site-packages/py4j/clientserver.py", line 539, in send_command
    raise Py4JNetworkError(
py4j.protocol.Py4JNetworkError: Error while sending or receiving
[32m2024-06-15 13:47:31 +0000[0m - dagster - [34mDEBUG[0m - __ASSET_JOB - 0dfb4247-a2ad-4642-9874-036c87f7f86d - 176041 - spark_operator.create_stock_tables[stock_AADI] - STEP_UP_FOR_RETRY - Execution of step "spark_operator.create_stock_tables[stock_AADI]" failed and has requested a retry in 0.23205251635041546 seconds.

dagster._core.execution.plan.utils.RetryRequestedFromPolicy

Stack Trace:
  File "/usr/local/python/3.10.13/lib/python3.10/site-packages/dagster/_core/execution/plan/execute_plan.py", line 282, in dagster_event_sequence_for_step
    for step_event in check.generator(step_events):
  File "/usr/local/python/3.10.13/lib/python3.10/site-packages/dagster/_core/execution/plan/execute_step.py", line 532, in core_dagster_event_sequence_for_step
    for evt in _type_check_and_store_output(step_context, user_event):
  File "/usr/local/python/3.10.13/lib/python3.10/site-packages/dagster/_core/execution/plan/execute_step.py", line 587, in _type_check_and_store_output
    for evt in _store_output(step_context, step_output_handle, output):
  File "/usr/local/python/3.10.13/lib/python3.10/site-packages/dagster/_core/execution/plan/execute_step.py", line 810, in _store_output
    for elt in iterate_with_context(
  File "/usr/local/python/3.10.13/lib/python3.10/site-packages/dagster/_utils/__init__.py", line 466, in iterate_with_context
    with context_fn():
  File "/usr/local/python/3.10.13/lib/python3.10/contextlib.py", line 153, in __exit__
    self.gen.throw(typ, value, traceback)
  File "/usr/local/python/3.10.13/lib/python3.10/site-packages/dagster/_core/execution/plan/utils.py", line 72, in op_execution_error_boundary
    raise RetryRequestedFromPolicy(

The above exception was caused by the following exception:
ConnectionRefusedError: [Errno 111] Connection refused

Stack Trace:
  File "/usr/local/python/3.10.13/lib/python3.10/site-packages/dagster/_core/execution/plan/utils.py", line 54, in op_execution_error_boundary
    yield
  File "/usr/local/python/3.10.13/lib/python3.10/site-packages/dagster/_utils/__init__.py", line 468, in iterate_with_context
    next_output = next(iterator)
  File "/usr/local/python/3.10.13/lib/python3.10/site-packages/dagster/_core/execution/plan/execute_step.py", line 800, in _gen_fn
    gen_output = output_manager.handle_output(output_context, output.value)
  File "/workspaces/practical-data-engineering/finnhub-batch-stock-pipeline/finnhub_batch_stock_pipeline/iomanagers/staging_s3_parquet_io_manager.py", line 151, in handle_output
    return self.inner_io_manager().handle_output(context, obj)
  File "/usr/local/python/3.10.13/lib/python3.10/site-packages/dagster/_utils/cached_method.py", line 104, in _cached_method_wrapper
    result = method(self, *args, **kwargs)
  File "/workspaces/practical-data-engineering/finnhub-batch-stock-pipeline/finnhub_batch_stock_pipeline/iomanagers/staging_s3_parquet_io_manager.py", line 139, in inner_io_manager
    return S3PandasParquetIOInternalManager(
  File "/workspaces/practical-data-engineering/finnhub-batch-stock-pipeline/finnhub_batch_stock_pipeline/iomanagers/staging_s3_parquet_io_manager.py", line 37, in __init__
    self.pyspark = pyspark.spark_session
  File "/usr/local/python/3.10.13/lib/python3.10/site-packages/dagster_pyspark/resources.py", line 134, in spark_session
    self._init_session()
  File "/usr/local/python/3.10.13/lib/python3.10/site-packages/dagster_pyspark/resources.py", line 130, in _init_session
    self._spark_session = spark_session_from_config(self.spark_config)
  File "/usr/local/python/3.10.13/lib/python3.10/site-packages/dagster_pyspark/resources.py", line 20, in spark_session_from_config
    return builder.getOrCreate()
  File "/usr/local/python/3.10.13/lib/python3.10/site-packages/pyspark/sql/session.py", line 503, in getOrCreate
    getattr(session._jvm, "SparkSession$"), "MODULE$"
  File "/usr/local/python/3.10.13/lib/python3.10/site-packages/py4j/java_gateway.py", line 1712, in __getattr__
    answer = self._gateway_client.send_command(
  File "/usr/local/python/3.10.13/lib/python3.10/site-packages/py4j/java_gateway.py", line 1036, in send_command
    connection = self._get_connection()
  File "/usr/local/python/3.10.13/lib/python3.10/site-packages/py4j/clientserver.py", line 284, in _get_connection
    connection = self._create_new_connection()
  File "/usr/local/python/3.10.13/lib/python3.10/site-packages/py4j/clientserver.py", line 291, in _create_new_connection
    connection.connect_to_java_server()
  File "/usr/local/python/3.10.13/lib/python3.10/site-packages/py4j/clientserver.py", line 438, in connect_to_java_server
    self.socket.connect((self.java_address, self.java_port))

