[32m2024-05-31 15:28:44 +0000[0m - dagster - [34mDEBUG[0m - __ASSET_JOB - 29657144-f47b-4730-a719-19652768d51f - 17095 - LOGS_CAPTURED - Started capturing logs in process (pid: 17095).
[32m2024-05-31 15:28:44 +0000[0m - dagster - [34mDEBUG[0m - __ASSET_JOB - 29657144-f47b-4730-a719-19652768d51f - 17095 - spark_operator.create_stock_tables[stock_AAFRF_path] - STEP_START - Started execution of step "spark_operator.create_stock_tables[stock_AAFRF_path]".
[32m2024-05-31 15:28:44 +0000[0m - dagster - [34mDEBUG[0m - __ASSET_JOB - 29657144-f47b-4730-a719-19652768d51f - spark_operator.create_stock_tables[stock_AAFRF_path] - Loading file from: /workspace/practical-data-engineering/finnhub-batch-stock-pipeline/home/storage/29657144-f47b-4730-a719-19652768d51f/spark_operator.stock_tables/result/stock_AAFRF_path using PickledObjectFilesystemIOManager...
[32m2024-05-31 15:28:44 +0000[0m - dagster - [34mDEBUG[0m - __ASSET_JOB - 29657144-f47b-4730-a719-19652768d51f - 17095 - spark_operator.create_stock_tables[stock_AAFRF_path] - LOADED_INPUT - Loaded input "input_fn" using input manager "io_manager", from output "result" of step "spark_operator.stock_tables"
[32m2024-05-31 15:28:44 +0000[0m - dagster - [34mDEBUG[0m - __ASSET_JOB - 29657144-f47b-4730-a719-19652768d51f - 17095 - spark_operator.create_stock_tables[stock_AAFRF_path] - STEP_INPUT - Got input "input_fn" of type "Any". (Type check passed).
24/05/31 15:28:58 WARN Utils: Your hostname, willowyboat-practicalda-8yoi5et7ep7 resolves to a loopback address: 127.0.0.1; using 10.0.5.2 instead (on interface eth0)
24/05/31 15:28:58 WARN Utils: Set SPARK_LOCAL_IP if you need to bind to another address
Ivy Default Cache set to: /home/gitpod/.ivy2/cache
The jars for the packages stored in: /home/gitpod/.ivy2/jars
io.delta#delta-spark_2.12 added as a dependency
org.apache.hadoop#hadoop-aws added as a dependency
org.apache.hadoop#hadoop-common added as a dependency
com.amazonaws#aws-java-sdk-bundle added as a dependency
:: resolving dependencies :: org.apache.spark#spark-submit-parent-0b730e14-66eb-46ef-888f-c781fb584e99;1.0
	confs: [default]
	found io.delta#delta-spark_2.12;3.1.0 in central
	found io.delta#delta-storage;3.1.0 in central
	found org.antlr#antlr4-runtime;4.9.3 in central
	found org.apache.hadoop#hadoop-aws;3.3.4 in central
	found com.amazonaws#aws-java-sdk-bundle;1.12.262 in central
	found org.wildfly.openssl#wildfly-openssl;1.0.7.Final in central
	found org.apache.hadoop#hadoop-common;3.3.4 in central
	found org.apache.hadoop.thirdparty#hadoop-shaded-protobuf_3_7;1.1.1 in central
	found org.apache.hadoop#hadoop-annotations;3.3.4 in spark-list
	found org.apache.hadoop.thirdparty#hadoop-shaded-guava;1.1.1 in spark-list
	found commons-cli#commons-cli;1.2 in central
	found org.apache.commons#commons-math3;3.1.1 in central
	found org.apache.httpcomponents#httpclient;4.5.13 in central
	found org.apache.httpcomponents#httpcore;4.4.13 in central
	found commons-logging#commons-logging;1.1.3 in central
	found commons-io#commons-io;2.8.0 in central
	found commons-net#commons-net;3.6 in central
	found javax.servlet#javax.servlet-api;3.1.0 in central
	found org.eclipse.jetty#jetty-util;9.4.43.v20210629 in central
	found org.eclipse.jetty#jetty-servlet;9.4.43.v20210629 in central
	found org.eclipse.jetty#jetty-security;9.4.43.v20210629 in central
	found org.eclipse.jetty#jetty-util-ajax;9.4.43.v20210629 in central
	found org.eclipse.jetty#jetty-webapp;9.4.43.v20210629 in central
	found org.eclipse.jetty#jetty-xml;9.4.43.v20210629 in central
	found com.sun.jersey#jersey-core;1.19 in central
	found javax.ws.rs#jsr311-api;1.1.1 in central
	found com.sun.jersey#jersey-servlet;1.19 in central
	found com.sun.jersey#jersey-server;1.19 in central
	found com.sun.jersey#jersey-json;1.19 in central
	found org.codehaus.jettison#jettison;1.1 in central
	found com.sun.xml.bind#jaxb-impl;2.2.3-1 in central
	found org.codehaus.jackson#jackson-core-asl;1.9.13 in spark-list
	found org.codehaus.jackson#jackson-mapper-asl;1.9.13 in central
	found org.codehaus.jackson#jackson-jaxrs;1.9.13 in central
	found org.codehaus.jackson#jackson-xc;1.9.13 in central
	found ch.qos.reload4j#reload4j;1.2.22 in central
	found commons-beanutils#commons-beanutils;1.9.4 in central
	found org.apache.commons#commons-configuration2;2.1.1 in central
	found org.apache.commons#commons-lang3;3.12.0 in central
	found org.slf4j#slf4j-reload4j;1.7.36 in spark-list
	found org.apache.avro#avro;1.7.7 in central
	found com.thoughtworks.paranamer#paranamer;2.3 in central
	found org.xerial.snappy#snappy-java;1.1.8.2 in central
	found org.apache.commons#commons-compress;1.21 in central
	found com.google.re2j#re2j;1.1 in central
	found com.google.protobuf#protobuf-java;2.5.0 in central
	found com.google.code.gson#gson;2.8.9 in central
	found org.apache.curator#curator-client;4.2.0 in central
	found org.apache.curator#curator-recipes;4.2.0 in central
	found org.apache.curator#curator-framework;4.2.0 in central
	found com.google.code.findbugs#jsr305;3.0.2 in central
	found org.apache.zookeeper#zookeeper;3.5.6 in central
	found org.apache.zookeeper#zookeeper-jute;3.5.6 in central
	found org.apache.yetus#audience-annotations;0.5.0 in central
	found com.fasterxml.jackson.core#jackson-databind;2.12.7 in central
	found com.fasterxml.jackson.core#jackson-core;2.12.7 in spark-list
	found org.codehaus.woodstox#stax2-api;4.2.1 in central
	found com.fasterxml.woodstox#woodstox-core;5.3.0 in central
	found dnsjava#dnsjava;2.1.7 in central
	found jakarta.activation#jakarta.activation-api;1.2.1 in central
	found javax.servlet.jsp#jsp-api;2.1 in central
downloading https://repo1.maven.org/maven2/io/delta/delta-spark_2.12/3.1.0/delta-spark_2.12-3.1.0.jar ...
downloading https://repo1.maven.org/maven2/org/apache/hadoop/hadoop-common/3.3.4/hadoop-common-3.3.4.jar ...
downloading https://repo1.maven.org/maven2/com/amazonaws/aws-java-sdk-bundle/1.12.262/aws-java-sdk-bundle-1.12.262.jar ...
downloading https://repo1.maven.org/maven2/org/apache/httpcomponents/httpclient/4.5.13/httpclient-4.5.13.jar ...
downloading https://repo1.maven.org/maven2/commons-io/commons-io/2.8.0/commons-io-2.8.0.jar ...
	[SUCCESSFUL ] commons-io#commons-io;2.8.0!commons-io.jar (877ms)
downloading https://repo1.maven.org/maven2/commons-net/commons-net/3.6/commons-net-3.6.jar ...
downloading https://repo1.maven.org/maven2/javax/servlet/javax.servlet-api/3.1.0/javax.servlet-api-3.1.0.jar ...
	[SUCCESSFUL ] javax.servlet#javax.servlet-api;3.1.0!javax.servlet-api.jar (306ms)
downloading https://repo1.maven.org/maven2/org/eclipse/jetty/jetty-util/9.4.43.v20210629/jetty-util-9.4.43.v20210629.jar ...
	[SUCCESSFUL ] org.eclipse.jetty#jetty-util;9.4.43.v20210629!jetty-util.jar (396ms)
downloading https://repo1.maven.org/maven2/org/eclipse/jetty/jetty-servlet/9.4.43.v20210629/jetty-servlet-9.4.43.v20210629.jar ...
	[SUCCESSFUL ] org.eclipse.jetty#jetty-servlet;9.4.43.v20210629!jetty-servlet.jar (362ms)
downloading https://repo1.maven.org/maven2/org/eclipse/jetty/jetty-webapp/9.4.43.v20210629/jetty-webapp-9.4.43.v20210629.jar ...
	[SUCCESSFUL ] org.eclipse.jetty#jetty-webapp;9.4.43.v20210629!jetty-webapp.jar (279ms)
downloading https://repo1.maven.org/maven2/com/sun/jersey/jersey-core/1.19/jersey-core-1.19.jar ...
	[SUCCESSFUL ] com.sun.jersey#jersey-core;1.19!jersey-core.jar (306ms)
downloading https://repo1.maven.org/maven2/com/sun/jersey/jersey-servlet/1.19/jersey-servlet-1.19.jar ...
downloading https://repo1.maven.org/maven2/com/sun/jersey/jersey-json/1.19/jersey-json-1.19.jar ...
downloading https://repo1.maven.org/maven2/commons-logging/commons-logging/1.1.3/commons-logging-1.1.3.jar ...
	[SUCCESSFUL ] commons-logging#commons-logging;1.1.3!commons-logging.jar (185ms)
downloading https://repo1.maven.org/maven2/ch/qos/reload4j/reload4j/1.2.22/reload4j-1.2.22.jar ...
	[SUCCESSFUL ] ch.qos.reload4j#reload4j;1.2.22!reload4j.jar (199ms)
downloading https://repo1.maven.org/maven2/commons-beanutils/commons-beanutils/1.9.4/commons-beanutils-1.9.4.jar ...
downloading https://repo1.maven.org/maven2/org/apache/commons/commons-configuration2/2.1.1/commons-configuration2-2.1.1.jar ...
downloading https://repo1.maven.org/maven2/org/apache/avro/avro/1.7.7/avro-1.7.7.jar ...
	[SUCCESSFUL ] org.apache.avro#avro;1.7.7!avro.jar(bundle) (193ms)
downloading https://repo1.maven.org/maven2/com/google/re2j/re2j/1.1/re2j-1.1.jar ...
	[SUCCESSFUL ] com.google.re2j#re2j;1.1!re2j.jar (195ms)
downloading https://repo1.maven.org/maven2/org/apache/curator/curator-client/4.2.0/curator-client-4.2.0.jar ...
	[SUCCESSFUL ] org.apache.curator#curator-client;4.2.0!curator-client.jar(bundle) (200ms)
downloading https://repo1.maven.org/maven2/org/apache/curator/curator-recipes/4.2.0/curator-recipes-4.2.0.jar ...
	[SUCCESSFUL ] org.apache.curator#curator-recipes;4.2.0!curator-recipes.jar(bundle) (102ms)
downloading https://repo1.maven.org/maven2/com/google/code/findbugs/jsr305/3.0.2/jsr305-3.0.2.jar ...
downloading https://repo1.maven.org/maven2/org/apache/zookeeper/zookeeper/3.5.6/zookeeper-3.5.6.jar ...
	[SUCCESSFUL ] org.apache.zookeeper#zookeeper;3.5.6!zookeeper.jar (370ms)
downloading https://repo1.maven.org/maven2/org/apache/commons/commons-compress/1.21/commons-compress-1.21.jar ...
	[SUCCESSFUL ] org.apache.commons#commons-compress;1.21!commons-compress.jar (524ms)
downloading https://repo1.maven.org/maven2/com/fasterxml/jackson/core/jackson-databind/2.12.7/jackson-databind-2.12.7.jar ...
	[SUCCESSFUL ] com.fasterxml.jackson.core#jackson-databind;2.12.7!jackson-databind.jar(bundle) (569ms)
downloading https://repo1.maven.org/maven2/com/fasterxml/woodstox/woodstox-core/5.3.0/woodstox-core-5.3.0.jar ...
downloading https://repo1.maven.org/maven2/org/xerial/snappy/snappy-java/1.1.8.2/snappy-java-1.1.8.2.jar ...
downloading https://repo1.maven.org/maven2/org/apache/httpcomponents/httpcore/4.4.13/httpcore-4.4.13.jar ...
	[SUCCESSFUL ] org.apache.httpcomponents#httpcore;4.4.13!httpcore.jar (421ms)
downloading https://repo1.maven.org/maven2/org/eclipse/jetty/jetty-security/9.4.43.v20210629/jetty-security-9.4.43.v20210629.jar ...
	[SUCCESSFUL ] org.eclipse.jetty#jetty-security;9.4.43.v20210629!jetty-security.jar (74ms)
downloading https://repo1.maven.org/maven2/org/eclipse/jetty/jetty-util-ajax/9.4.43.v20210629/jetty-util-ajax-9.4.43.v20210629.jar ...
downloading https://repo1.maven.org/maven2/org/eclipse/jetty/jetty-xml/9.4.43.v20210629/jetty-xml-9.4.43.v20210629.jar ...
	[SUCCESSFUL ] org.eclipse.jetty#jetty-xml;9.4.43.v20210629!jetty-xml.jar (97ms)
downloading https://repo1.maven.org/maven2/javax/ws/rs/jsr311-api/1.1.1/jsr311-api-1.1.1.jar ...
	[SUCCESSFUL ] javax.ws.rs#jsr311-api;1.1.1!jsr311-api.jar (14ms)
downloading https://repo1.maven.org/maven2/org/codehaus/jettison/jettison/1.1/jettison-1.1.jar ...
	[SUCCESSFUL ] org.codehaus.jettison#jettison;1.1!jettison.jar(bundle) (91ms)
downloading https://repo1.maven.org/maven2/com/sun/xml/bind/jaxb-impl/2.2.3-1/jaxb-impl-2.2.3-1.jar ...
downloading https://repo1.maven.org/maven2/org/codehaus/jackson/jackson-core-asl/1.9.13/jackson-core-asl-1.9.13.jar ...
downloading https://repo1.maven.org/maven2/org/codehaus/jackson/jackson-mapper-asl/1.9.13/jackson-mapper-asl-1.9.13.jar ...
downloading https://repo1.maven.org/maven2/org/codehaus/jackson/jackson-jaxrs/1.9.13/jackson-jaxrs-1.9.13.jar ...
downloading https://repo1.maven.org/maven2/org/codehaus/jackson/jackson-xc/1.9.13/jackson-xc-1.9.13.jar ...
downloading https://repo1.maven.org/maven2/com/thoughtworks/paranamer/paranamer/2.3/paranamer-2.3.jar ...
downloading https://repo1.maven.org/maven2/javax/servlet/jsp/jsp-api/2.1/jsp-api-2.1.jar ...
	[SUCCESSFUL ] javax.servlet.jsp#jsp-api;2.1!jsp-api.jar (101ms)
:: resolution report :: resolve 44766ms :: artifacts dl 120831ms
	:: modules in use:
	ch.qos.reload4j#reload4j;1.2.22 from central in [default]
	com.amazonaws#aws-java-sdk-bundle;1.12.262 from central in [default]
	com.fasterxml.jackson.core#jackson-core;2.12.7 from spark-list in [default]
	com.fasterxml.jackson.core#jackson-databind;2.12.7 from central in [default]
	com.fasterxml.woodstox#woodstox-core;5.3.0 from central in [default]
	com.google.code.findbugs#jsr305;3.0.2 from central in [default]
	com.google.code.gson#gson;2.8.9 from central in [default]
	com.google.protobuf#protobuf-java;2.5.0 from central in [default]
	com.google.re2j#re2j;1.1 from central in [default]
	com.sun.jersey#jersey-core;1.19 from central in [default]
	com.sun.jersey#jersey-json;1.19 from central in [default]
	com.sun.jersey#jersey-server;1.19 from central in [default]
	com.sun.jersey#jersey-servlet;1.19 from central in [default]
	com.sun.xml.bind#jaxb-impl;2.2.3-1 from central in [default]
	com.thoughtworks.paranamer#paranamer;2.3 from central in [default]
	commons-beanutils#commons-beanutils;1.9.4 from central in [default]
	commons-cli#commons-cli;1.2 from central in [default]
	commons-io#commons-io;2.8.0 from central in [default]
	commons-logging#commons-logging;1.1.3 from central in [default]
	commons-net#commons-net;3.6 from central in [default]
	dnsjava#dnsjava;2.1.7 from central in [default]
	io.delta#delta-spark_2.12;3.1.0 from central in [default]
	io.delta#delta-storage;3.1.0 from central in [default]
	jakarta.activation#jakarta.activation-api;1.2.1 from central in [default]
	javax.servlet#javax.servlet-api;3.1.0 from central in [default]
	javax.servlet.jsp#jsp-api;2.1 from central in [default]
	javax.ws.rs#jsr311-api;1.1.1 from central in [default]
	org.antlr#antlr4-runtime;4.9.3 from central in [default]
	org.apache.avro#avro;1.7.7 from central in [default]
	org.apache.commons#commons-compress;1.21 from central in [default]
	org.apache.commons#commons-configuration2;2.1.1 from central in [default]
	org.apache.commons#commons-lang3;3.12.0 from central in [default]
	org.apache.commons#commons-math3;3.1.1 from central in [default]
	org.apache.curator#curator-client;4.2.0 from central in [default]
	org.apache.curator#curator-framework;4.2.0 from central in [default]
	org.apache.curator#curator-recipes;4.2.0 from central in [default]
	org.apache.hadoop#hadoop-annotations;3.3.4 from spark-list in [default]
	org.apache.hadoop#hadoop-aws;3.3.4 from central in [default]
	org.apache.hadoop#hadoop-common;3.3.4 from central in [default]
	org.apache.hadoop.thirdparty#hadoop-shaded-guava;1.1.1 from spark-list in [default]
	org.apache.hadoop.thirdparty#hadoop-shaded-protobuf_3_7;1.1.1 from central in [default]
	org.apache.httpcomponents#httpclient;4.5.13 from central in [default]
	org.apache.httpcomponents#httpcore;4.4.13 from central in [default]
	org.apache.yetus#audience-annotations;0.5.0 from central in [default]
	org.apache.zookeeper#zookeeper;3.5.6 from central in [default]
	org.apache.zookeeper#zookeeper-jute;3.5.6 from central in [default]
	org.codehaus.jackson#jackson-core-asl;1.9.13 from spark-list in [default]
	org.codehaus.jackson#jackson-jaxrs;1.9.13 from central in [default]
	org.codehaus.jackson#jackson-mapper-asl;1.9.13 from central in [default]
	org.codehaus.jackson#jackson-xc;1.9.13 from central in [default]
	org.codehaus.jettison#jettison;1.1 from central in [default]
	org.codehaus.woodstox#stax2-api;4.2.1 from central in [default]
	org.eclipse.jetty#jetty-security;9.4.43.v20210629 from central in [default]
	org.eclipse.jetty#jetty-servlet;9.4.43.v20210629 from central in [default]
	org.eclipse.jetty#jetty-util;9.4.43.v20210629 from central in [default]
	org.eclipse.jetty#jetty-util-ajax;9.4.43.v20210629 from central in [default]
	org.eclipse.jetty#jetty-webapp;9.4.43.v20210629 from central in [default]
	org.eclipse.jetty#jetty-xml;9.4.43.v20210629 from central in [default]
	org.slf4j#slf4j-reload4j;1.7.36 from spark-list in [default]
	org.wildfly.openssl#wildfly-openssl;1.0.7.Final from central in [default]
	org.xerial.snappy#snappy-java;1.1.8.2 from central in [default]
	---------------------------------------------------------------------
	|                  |            modules            ||   artifacts   |
	|       conf       | number| search|dwnlded|evicted|| number|dwnlded|
	---------------------------------------------------------------------
	|      default     |   72  |   22  |   21  |   0   ||   61  |   21  |
	---------------------------------------------------------------------

:: problems summary ::
:::: WARNINGS
	problem while downloading module descriptor: https://repo1.maven.org/maven2/com/google/guava/guava-parent/27.0-jre/guava-parent-27.0-jre.pom: Downloaded file size (0) doesn't match expected Content Length (10395) for https://repo1.maven.org/maven2/com/google/guava/guava-parent/27.0-jre/guava-parent-27.0-jre.pom. Please retry. (11ms)

	io problem while parsing ivy file: https://repo1.maven.org/maven2/com/google/guava/guava/27.0-jre/guava-27.0-jre.pom (java.io.IOException: Impossible to load parent for file:/home/gitpod/.ivy2/cache/com.google.guava/guava/ivy-27.0-jre.xml.original. Parent=com.google.guava#guava-parent;27.0-jre)

		module not found: com.google.guava#guava;27.0-jre

	==== local-m2-cache: tried

	  file:/home/gitpod/.m2/repository/com/google/guava/guava-parent/27.0-jre/guava-parent-27.0-jre.pom

	  -- artifact com.google.guava#guava-parent;27.0-jre!guava-parent.jar:

	  file:/home/gitpod/.m2/repository/com/google/guava/guava-parent/27.0-jre/guava-parent-27.0-jre.jar

	==== local-ivy-cache: tried

	  /home/gitpod/.ivy2/local/com.google.guava/guava-parent/27.0-jre/ivys/ivy.xml

	  -- artifact com.google.guava#guava-parent;27.0-jre!guava-parent.jar:

	  /home/gitpod/.ivy2/local/com.google.guava/guava-parent/27.0-jre/jars/guava-parent.jar

	==== central: tried

	  https://repo1.maven.org/maven2/com/google/guava/guava-parent/27.0-jre/guava-parent-27.0-jre.pom

	==== spark-packages: tried

	  https://repos.spark-packages.org/com/google/guava/guava/27.0-jre/guava-27.0-jre.pom

	  -- artifact com.google.guava#guava;27.0-jre!guava.jar:

	  https://repos.spark-packages.org/com/google/guava/guava/27.0-jre/guava-27.0-jre.jar

	impossible to put metadata file in cache: https://repo1.maven.org/maven2/org/apache/commons/commons-parent/28/commons-parent-28.pom (28) (java.io.FileNotFoundException: /home/gitpod/.ivy2/cache/org.apache.commons/commons-parent/ivy-28.xml.original (No such file or directory))

	io problem while parsing ivy file: https://repo1.maven.org/maven2/org/apache/commons/commons-parent/52/commons-parent-52.pom (java.io.FileNotFoundException: /home/gitpod/.ivy2/cache/org.apache.commons/commons-parent/ivy-52.xml.original (No such file or directory))

	io problem while parsing ivy file: https://repo1.maven.org/maven2/commons-codec/commons-codec/1.15/commons-codec-1.15.pom (java.io.IOException: Impossible to load parent for file:/home/gitpod/.ivy2/cache/commons-codec/commons-codec/ivy-1.15.xml.original. Parent=org.apache.commons#commons-parent;52)

		module not found: commons-codec#commons-codec;1.15

	==== local-m2-cache: tried

	  file:/home/gitpod/.m2/repository/org/apache/commons/commons-parent/52/commons-parent-52.pom

	  -- artifact org.apache.commons#commons-parent;52!commons-parent.jar:

	  file:/home/gitpod/.m2/repository/org/apache/commons/commons-parent/52/commons-parent-52.jar

	==== local-ivy-cache: tried

	  /home/gitpod/.ivy2/local/org.apache.commons/commons-parent/52/ivys/ivy.xml

	  -- artifact org.apache.commons#commons-parent;52!commons-parent.jar:

	  /home/gitpod/.ivy2/local/org.apache.commons/commons-parent/52/jars/commons-parent.jar

	==== central: tried

	  https://repo1.maven.org/maven2/org/apache/commons/commons-parent/52/commons-parent-52.pom

	==== spark-packages: tried

	  https://repos.spark-packages.org/commons-codec/commons-codec/1.15/commons-codec-1.15.pom

	  -- artifact commons-codec#commons-codec;1.15!commons-codec.jar:

	  https://repos.spark-packages.org/commons-codec/commons-codec/1.15/commons-codec-1.15.jar

	io problem while parsing ivy file: https://repo1.maven.org/maven2/commons-collections/commons-collections/3.2.2/commons-collections-3.2.2.pom (java.io.FileNotFoundException: /home/gitpod/.ivy2/cache/commons-collections/commons-collections/ivy-3.2.2.xml.original (No such file or directory))

		module not found: commons-collections#commons-collections;3.2.2

	==== local-m2-cache: tried

	  file:/home/gitpod/.m2/repository/commons-collections/commons-collections/3.2.2/commons-collections-3.2.2.pom

	  -- artifact commons-collections#commons-collections;3.2.2!commons-collections.jar:

	  file:/home/gitpod/.m2/repository/commons-collections/commons-collections/3.2.2/commons-collections-3.2.2.jar

	==== local-ivy-cache: tried

	  /home/gitpod/.ivy2/local/commons-collections/commons-collections/3.2.2/ivys/ivy.xml

	  -- artifact commons-collections#commons-collections;3.2.2!commons-collections.jar:

	  /home/gitpod/.ivy2/local/commons-collections/commons-collections/3.2.2/jars/commons-collections.jar

	==== central: tried

	  https://repo1.maven.org/maven2/commons-collections/commons-collections/3.2.2/commons-collections-3.2.2.pom

	==== spark-packages: tried

	  https://repos.spark-packages.org/commons-collections/commons-collections/3.2.2/commons-collections-3.2.2.pom

	  -- artifact commons-collections#commons-collections;3.2.2!commons-collections.jar:

	  https://repos.spark-packages.org/commons-collections/commons-collections/3.2.2/commons-collections-3.2.2.jar

	problem while downloading module descriptor: https://repo1.maven.org/maven2/org/eclipse/jetty/jetty-server/9.4.43.v20210629/jetty-server-9.4.43.v20210629.pom: impossible to move part file to definitive one: /home/gitpod/.ivy2/cache/org.eclipse.jetty/jetty-server/ivy-9.4.43.v20210629.xml.original.part -> /home/gitpod/.ivy2/cache/org.eclipse.jetty/jetty-server/ivy-9.4.43.v20210629.xml.original (57ms)

		module not found: org.eclipse.jetty#jetty-server;9.4.43.v20210629

	==== local-m2-cache: tried

	  file:/home/gitpod/.m2/repository/org/eclipse/jetty/jetty-server/9.4.43.v20210629/jetty-server-9.4.43.v20210629.pom

	  -- artifact org.eclipse.jetty#jetty-server;9.4.43.v20210629!jetty-server.jar:

	  file:/home/gitpod/.m2/repository/org/eclipse/jetty/jetty-server/9.4.43.v20210629/jetty-server-9.4.43.v20210629.jar

	==== local-ivy-cache: tried

	  /home/gitpod/.ivy2/local/org.eclipse.jetty/jetty-server/9.4.43.v20210629/ivys/ivy.xml

	  -- artifact org.eclipse.jetty#jetty-server;9.4.43.v20210629!jetty-server.jar:

	  /home/gitpod/.ivy2/local/org.eclipse.jetty/jetty-server/9.4.43.v20210629/jars/jetty-server.jar

	==== central: tried

	  https://repo1.maven.org/maven2/org/eclipse/jetty/jetty-server/9.4.43.v20210629/jetty-server-9.4.43.v20210629.pom

	==== spark-packages: tried

	  https://repos.spark-packages.org/org/eclipse/jetty/jetty-server/9.4.43.v20210629/jetty-server-9.4.43.v20210629.pom

	  -- artifact org.eclipse.jetty#jetty-server;9.4.43.v20210629!jetty-server.jar:

	  https://repos.spark-packages.org/org/eclipse/jetty/jetty-server/9.4.43.v20210629/jetty-server-9.4.43.v20210629.jar

	impossible to put metadata file in cache: https://repo1.maven.org/maven2/com/sun/xml/bind/jaxb-impl/2.2.3-1/jaxb-impl-2.2.3-1.pom (2.2.3-1) (java.io.FileNotFoundException: /home/gitpod/.ivy2/cache/com.sun.xml.bind/jaxb-impl/ivy-2.2.3-1.xml.original (No such file or directory))

	io problem while parsing ivy file: https://repo1.maven.org/maven2/javax/xml/bind/jaxb-api/2.2.11/jaxb-api-2.2.11.pom (java.io.FileNotFoundException: /home/gitpod/.ivy2/cache/javax.xml.bind/jaxb-api/ivy-2.2.11.xml.original (No such file or directory))

		module not found: javax.xml.bind#jaxb-api;2.2.11

	==== local-m2-cache: tried

	  file:/home/gitpod/.m2/repository/javax/xml/bind/jaxb-api/2.2.11/jaxb-api-2.2.11.pom

	  -- artifact javax.xml.bind#jaxb-api;2.2.11!jaxb-api.jar:

	  file:/home/gitpod/.m2/repository/javax/xml/bind/jaxb-api/2.2.11/jaxb-api-2.2.11.jar

	==== local-ivy-cache: tried

	  /home/gitpod/.ivy2/local/javax.xml.bind/jaxb-api/2.2.11/ivys/ivy.xml

	  -- artifact javax.xml.bind#jaxb-api;2.2.11!jaxb-api.jar:

	  /home/gitpod/.ivy2/local/javax.xml.bind/jaxb-api/2.2.11/jars/jaxb-api.jar

	==== central: tried

	  https://repo1.maven.org/maven2/javax/xml/bind/jaxb-api/2.2.11/jaxb-api-2.2.11.pom

	==== spark-packages: tried

	  https://repos.spark-packages.org/javax/xml/bind/jaxb-api/2.2.11/jaxb-api-2.2.11.pom

	  -- artifact javax.xml.bind#jaxb-api;2.2.11!jaxb-api.jar:

	  https://repos.spark-packages.org/javax/xml/bind/jaxb-api/2.2.11/jaxb-api-2.2.11.jar

	problem while downloading module descriptor: https://repo1.maven.org/maven2/org/apache/commons/commons-text/1.4/commons-text-1.4.pom: impossible to move part file to definitive one: /home/gitpod/.ivy2/cache/org.apache.commons/commons-text/ivy-1.4.xml.original.part -> /home/gitpod/.ivy2/cache/org.apache.commons/commons-text/ivy-1.4.xml.original (53ms)

		module not found: org.apache.commons#commons-text;1.4

	==== local-m2-cache: tried

	  file:/home/gitpod/.m2/repository/org/apache/commons/commons-text/1.4/commons-text-1.4.pom

	  -- artifact org.apache.commons#commons-text;1.4!commons-text.jar:

	  file:/home/gitpod/.m2/repository/org/apache/commons/commons-text/1.4/commons-text-1.4.jar

	==== local-ivy-cache: tried

	  /home/gitpod/.ivy2/local/org.apache.commons/commons-text/1.4/ivys/ivy.xml

	  -- artifact org.apache.commons#commons-text;1.4!commons-text.jar:

	  /home/gitpod/.ivy2/local/org.apache.commons/commons-text/1.4/jars/commons-text.jar

	==== central: tried

	  https://repo1.maven.org/maven2/org/apache/commons/commons-text/1.4/commons-text-1.4.pom

	==== spark-packages: tried

	  https://repos.spark-packages.org/org/apache/commons/commons-text/1.4/commons-text-1.4.pom

	  -- artifact org.apache.commons#commons-text;1.4!commons-text.jar:

	  https://repos.spark-packages.org/org/apache/commons/commons-text/1.4/commons-text-1.4.jar

	problem while downloading module descriptor: https://repo1.maven.org/maven2/org/slf4j/slf4j-api/1.7.36/slf4j-api-1.7.36.pom: /home/gitpod/.ivy2/cache/org.slf4j/slf4j-api/ivy-1.7.36.xml.original (No such file or directory) (1ms)

		module not found: org.slf4j#slf4j-api;1.7.36

	==== local-m2-cache: tried

	  file:/home/gitpod/.m2/repository/org/slf4j/slf4j-api/1.7.36/slf4j-api-1.7.36.pom

	  -- artifact org.slf4j#slf4j-api;1.7.36!slf4j-api.jar:

	  file:/home/gitpod/.m2/repository/org/slf4j/slf4j-api/1.7.36/slf4j-api-1.7.36.jar

	==== local-ivy-cache: tried

	  /home/gitpod/.ivy2/local/org.slf4j/slf4j-api/1.7.36/ivys/ivy.xml

	  -- artifact org.slf4j#slf4j-api;1.7.36!slf4j-api.jar:

	  /home/gitpod/.ivy2/local/org.slf4j/slf4j-api/1.7.36/jars/slf4j-api.jar

	==== central: tried

	  https://repo1.maven.org/maven2/org/slf4j/slf4j-api/1.7.36/slf4j-api-1.7.36.pom

	==== spark-packages: tried

	  https://repos.spark-packages.org/org/slf4j/slf4j-api/1.7.36/slf4j-api-1.7.36.pom

	  -- artifact org.slf4j#slf4j-api;1.7.36!slf4j-api.jar:

	  https://repos.spark-packages.org/org/slf4j/slf4j-api/1.7.36/slf4j-api-1.7.36.jar

	problem while downloading module descriptor: https://repo1.maven.org/maven2/org/apache/hadoop/hadoop-auth/3.3.4/hadoop-auth-3.3.4.pom: impossible to move part file to definitive one: /home/gitpod/.ivy2/cache/org.apache.hadoop/hadoop-auth/ivy-3.3.4.xml.original.part -> /home/gitpod/.ivy2/cache/org.apache.hadoop/hadoop-auth/ivy-3.3.4.xml.original (8ms)

		module not found: org.apache.hadoop#hadoop-auth;3.3.4

	==== local-m2-cache: tried

	  file:/home/gitpod/.m2/repository/org/apache/hadoop/hadoop-auth/3.3.4/hadoop-auth-3.3.4.pom

	  -- artifact org.apache.hadoop#hadoop-auth;3.3.4!hadoop-auth.jar(test-jar):

	  file:/home/gitpod/.m2/repository/org/apache/hadoop/hadoop-auth/3.3.4/hadoop-auth-3.3.4-tests.jar

	==== local-ivy-cache: tried

	  /home/gitpod/.ivy2/local/org.apache.hadoop/hadoop-auth/3.3.4/ivys/ivy.xml

	  -- artifact org.apache.hadoop#hadoop-auth;3.3.4!hadoop-auth.jar(test-jar):

	  /home/gitpod/.ivy2/local/org.apache.hadoop/hadoop-auth/3.3.4/test-jars/hadoop-auth-tests.jar

	==== central: tried

	  https://repo1.maven.org/maven2/org/apache/hadoop/hadoop-auth/3.3.4/hadoop-auth-3.3.4.pom

	==== spark-packages: tried

	  https://repos.spark-packages.org/org/apache/hadoop/hadoop-auth/3.3.4/hadoop-auth-3.3.4.pom

	  -- artifact org.apache.hadoop#hadoop-auth;3.3.4!hadoop-auth.jar(test-jar):

	  https://repos.spark-packages.org/org/apache/hadoop/hadoop-auth/3.3.4/hadoop-auth-3.3.4-tests.jar

	problem while downloading module descriptor: https://repo1.maven.org/maven2/com/jcraft/jsch/0.1.55/jsch-0.1.55.pom: Downloaded file size (0) doesn't match expected Content Length (3235) for https://repo1.maven.org/maven2/com/jcraft/jsch/0.1.55/jsch-0.1.55.pom. Please retry. (9ms)

		module not found: com.jcraft#jsch;0.1.55

	==== local-m2-cache: tried

	  file:/home/gitpod/.m2/repository/com/jcraft/jsch/0.1.55/jsch-0.1.55.pom

	  -- artifact com.jcraft#jsch;0.1.55!jsch.jar:

	  file:/home/gitpod/.m2/repository/com/jcraft/jsch/0.1.55/jsch-0.1.55.jar

	==== local-ivy-cache: tried

	  /home/gitpod/.ivy2/local/com.jcraft/jsch/0.1.55/ivys/ivy.xml

	  -- artifact com.jcraft#jsch;0.1.55!jsch.jar:

	  /home/gitpod/.ivy2/local/com.jcraft/jsch/0.1.55/jars/jsch.jar

	==== central: tried

	  https://repo1.maven.org/maven2/com/jcraft/jsch/0.1.55/jsch-0.1.55.pom

	==== spark-packages: tried

	  https://repos.spark-packages.org/com/jcraft/jsch/0.1.55/jsch-0.1.55.pom

	  -- artifact com.jcraft#jsch;0.1.55!jsch.jar:

	  https://repos.spark-packages.org/com/jcraft/jsch/0.1.55/jsch-0.1.55.jar

	io problem while parsing ivy file: https://repo1.maven.org/maven2/org/apache/kerby/kerby-kerb/1.0.1/kerby-kerb-1.0.1.pom (java.io.FileNotFoundException: /home/gitpod/.ivy2/cache/org.apache.kerby/kerby-kerb/ivy-1.0.1.xml.original (No such file or directory))

	io problem while parsing ivy file: https://repo1.maven.org/maven2/org/apache/kerby/kerb-core/1.0.1/kerb-core-1.0.1.pom (java.io.IOException: Impossible to load parent for file:/home/gitpod/.ivy2/cache/org.apache.kerby/kerb-core/ivy-1.0.1.xml.original. Parent=org.apache.kerby#kerby-kerb;1.0.1)

		module not found: org.apache.kerby#kerb-core;1.0.1

	==== local-m2-cache: tried

	  file:/home/gitpod/.m2/repository/org/apache/kerby/kerby-kerb/1.0.1/kerby-kerb-1.0.1.pom

	  -- artifact org.apache.kerby#kerby-kerb;1.0.1!kerby-kerb.jar:

	  file:/home/gitpod/.m2/repository/org/apache/kerby/kerby-kerb/1.0.1/kerby-kerb-1.0.1.jar

	==== local-ivy-cache: tried

	  /home/gitpod/.ivy2/local/org.apache.kerby/kerby-kerb/1.0.1/ivys/ivy.xml

	  -- artifact org.apache.kerby#kerby-kerb;1.0.1!kerby-kerb.jar:

	  /home/gitpod/.ivy2/local/org.apache.kerby/kerby-kerb/1.0.1/jars/kerby-kerb.jar

	==== central: tried

	  https://repo1.maven.org/maven2/org/apache/kerby/kerby-kerb/1.0.1/kerby-kerb-1.0.1.pom

	==== spark-packages: tried

	  https://repos.spark-packages.org/org/apache/kerby/kerb-core/1.0.1/kerb-core-1.0.1.pom

	  -- artifact org.apache.kerby#kerb-core;1.0.1!kerb-core.jar:

	  https://repos.spark-packages.org/org/apache/kerby/kerb-core/1.0.1/kerb-core-1.0.1.jar

	problem while downloading module descriptor: https://repo1.maven.org/maven2/com/fasterxml/jackson/core/jackson-annotations/2.12.7/jackson-annotations-2.12.7.pom: impossible to move part file to definitive one: /home/gitpod/.ivy2/cache/com.fasterxml.jackson.core/jackson-annotations/ivy-2.12.7.xml.original.part -> /home/gitpod/.ivy2/cache/com.fasterxml.jackson.core/jackson-annotations/ivy-2.12.7.xml.original (16ms)

		module not found: com.fasterxml.jackson.core#jackson-annotations;2.12.7

	==== local-m2-cache: tried

	  file:/home/gitpod/.m2/repository/com/fasterxml/jackson/core/jackson-annotations/2.12.7/jackson-annotations-2.12.7.pom

	  -- artifact com.fasterxml.jackson.core#jackson-annotations;2.12.7!jackson-annotations.jar:

	  file:/home/gitpod/.m2/repository/com/fasterxml/jackson/core/jackson-annotations/2.12.7/jackson-annotations-2.12.7.jar

	==== local-ivy-cache: tried

	  /home/gitpod/.ivy2/local/com.fasterxml.jackson.core/jackson-annotations/2.12.7/ivys/ivy.xml

	  -- artifact com.fasterxml.jackson.core#jackson-annotations;2.12.7!jackson-annotations.jar:

	  /home/gitpod/.ivy2/local/com.fasterxml.jackson.core/jackson-annotations/2.12.7/jars/jackson-annotations.jar

	==== central: tried

	  https://repo1.maven.org/maven2/com/fasterxml/jackson/core/jackson-annotations/2.12.7/jackson-annotations-2.12.7.pom

	==== spark-packages: tried

	  https://repos.spark-packages.org/com/fasterxml/jackson/core/jackson-annotations/2.12.7/jackson-annotations-2.12.7.pom

	  -- artifact com.fasterxml.jackson.core#jackson-annotations;2.12.7!jackson-annotations.jar:

	  https://repos.spark-packages.org/com/fasterxml/jackson/core/jackson-annotations/2.12.7/jackson-annotations-2.12.7.jar

		[FAILED     ] io.delta#delta-spark_2.12;3.1.0!delta-spark_2.12.jar: Downloaded file size (0) doesn't match expected Content Length (5503396) for https://repo1.maven.org/maven2/io/delta/delta-spark_2.12/3.1.0/delta-spark_2.12-3.1.0.jar. Please retry. (267ms)

		[FAILED     ] io.delta#delta-spark_2.12;3.1.0!delta-spark_2.12.jar: Downloaded file size (0) doesn't match expected Content Length (5503396) for https://repo1.maven.org/maven2/io/delta/delta-spark_2.12/3.1.0/delta-spark_2.12-3.1.0.jar. Please retry. (267ms)

	==== central: tried

	  https://repo1.maven.org/maven2/io/delta/delta-spark_2.12/3.1.0/delta-spark_2.12-3.1.0.jar

		[FAILED     ] org.apache.hadoop#hadoop-common;3.3.4!hadoop-common.jar: Downloaded file size (0) doesn't match expected Content Length (4470571) for https://repo1.maven.org/maven2/org/apache/hadoop/hadoop-common/3.3.4/hadoop-common-3.3.4.jar. Please retry. (203ms)

		[FAILED     ] org.apache.hadoop#hadoop-common;3.3.4!hadoop-common.jar: Downloaded file size (0) doesn't match expected Content Length (4470571) for https://repo1.maven.org/maven2/org/apache/hadoop/hadoop-common/3.3.4/hadoop-common-3.3.4.jar. Please retry. (203ms)

	==== central: tried

	  https://repo1.maven.org/maven2/org/apache/hadoop/hadoop-common/3.3.4/hadoop-common-3.3.4.jar

		[FAILED     ] com.amazonaws#aws-java-sdk-bundle;1.12.262!aws-java-sdk-bundle.jar: Downloaded file size (0) doesn't match expected Content Length (280645251) for https://repo1.maven.org/maven2/com/amazonaws/aws-java-sdk-bundle/1.12.262/aws-java-sdk-bundle-1.12.262.jar. Please retry. (110348ms)

		[FAILED     ] com.amazonaws#aws-java-sdk-bundle;1.12.262!aws-java-sdk-bundle.jar: Downloaded file size (0) doesn't match expected Content Length (280645251) for https://repo1.maven.org/maven2/com/amazonaws/aws-java-sdk-bundle/1.12.262/aws-java-sdk-bundle-1.12.262.jar. Please retry. (110348ms)

	==== central: tried

	  https://repo1.maven.org/maven2/com/amazonaws/aws-java-sdk-bundle/1.12.262/aws-java-sdk-bundle-1.12.262.jar

		[FAILED     ] org.apache.httpcomponents#httpclient;4.5.13!httpclient.jar: Downloaded file size (147456) doesn't match expected Content Length (780321) for https://repo1.maven.org/maven2/org/apache/httpcomponents/httpclient/4.5.13/httpclient-4.5.13.jar. Please retry. (1224ms)

		[FAILED     ] org.apache.httpcomponents#httpclient;4.5.13!httpclient.jar: Downloaded file size (147456) doesn't match expected Content Length (780321) for https://repo1.maven.org/maven2/org/apache/httpcomponents/httpclient/4.5.13/httpclient-4.5.13.jar. Please retry. (1224ms)

	==== central: tried

	  https://repo1.maven.org/maven2/org/apache/httpcomponents/httpclient/4.5.13/httpclient-4.5.13.jar

		[FAILED     ] commons-net#commons-net;3.6!commons-net.jar: Downloaded file size (0) doesn't match expected Content Length (307410) for https://repo1.maven.org/maven2/commons-net/commons-net/3.6/commons-net-3.6.jar. Please retry. (519ms)

		[FAILED     ] commons-net#commons-net;3.6!commons-net.jar: Downloaded file size (0) doesn't match expected Content Length (307410) for https://repo1.maven.org/maven2/commons-net/commons-net/3.6/commons-net-3.6.jar. Please retry. (519ms)

	==== central: tried

	  https://repo1.maven.org/maven2/commons-net/commons-net/3.6/commons-net-3.6.jar

		[FAILED     ] com.sun.jersey#jersey-servlet;1.19!jersey-servlet.jar: Downloaded file size (65536) doesn't match expected Content Length (128719) for https://repo1.maven.org/maven2/com/sun/jersey/jersey-servlet/1.19/jersey-servlet-1.19.jar. Please retry. (56ms)

		[FAILED     ] com.sun.jersey#jersey-servlet;1.19!jersey-servlet.jar: Downloaded file size (65536) doesn't match expected Content Length (128719) for https://repo1.maven.org/maven2/com/sun/jersey/jersey-servlet/1.19/jersey-servlet-1.19.jar. Please retry. (56ms)

	==== central: tried

	  https://repo1.maven.org/maven2/com/sun/jersey/jersey-servlet/1.19/jersey-servlet-1.19.jar

		[FAILED     ] com.sun.jersey#jersey-json;1.19!jersey-json.jar: Downloaded file size (130492) doesn't match expected Content Length (165345) for https://repo1.maven.org/maven2/com/sun/jersey/jersey-json/1.19/jersey-json-1.19.jar. Please retry. (78ms)

		[FAILED     ] com.sun.jersey#jersey-json;1.19!jersey-json.jar: Downloaded file size (130492) doesn't match expected Content Length (165345) for https://repo1.maven.org/maven2/com/sun/jersey/jersey-json/1.19/jersey-json-1.19.jar. Please retry. (78ms)

	==== central: tried

	  https://repo1.maven.org/maven2/com/sun/jersey/jersey-json/1.19/jersey-json-1.19.jar

		[FAILED     ] commons-beanutils#commons-beanutils;1.9.4!commons-beanutils.jar: Downloaded file size (0) doesn't match expected Content Length (246918) for https://repo1.maven.org/maven2/commons-beanutils/commons-beanutils/1.9.4/commons-beanutils-1.9.4.jar. Please retry. (100ms)

		[FAILED     ] commons-beanutils#commons-beanutils;1.9.4!commons-beanutils.jar: Downloaded file size (0) doesn't match expected Content Length (246918) for https://repo1.maven.org/maven2/commons-beanutils/commons-beanutils/1.9.4/commons-beanutils-1.9.4.jar. Please retry. (100ms)

	==== central: tried

	  https://repo1.maven.org/maven2/commons-beanutils/commons-beanutils/1.9.4/commons-beanutils-1.9.4.jar

		[FAILED     ] org.apache.commons#commons-configuration2;2.1.1!commons-configuration2.jar: Downloaded file size (0) doesn't match expected Content Length (616888) for https://repo1.maven.org/maven2/org/apache/commons/commons-configuration2/2.1.1/commons-configuration2-2.1.1.jar. Please retry. (104ms)

		[FAILED     ] org.apache.commons#commons-configuration2;2.1.1!commons-configuration2.jar: Downloaded file size (0) doesn't match expected Content Length (616888) for https://repo1.maven.org/maven2/org/apache/commons/commons-configuration2/2.1.1/commons-configuration2-2.1.1.jar. Please retry. (104ms)

	==== central: tried

	  https://repo1.maven.org/maven2/org/apache/commons/commons-configuration2/2.1.1/commons-configuration2-2.1.1.jar

		[FAILED     ] com.google.code.findbugs#jsr305;3.0.2!jsr305.jar: impossible to move part file to definitive one: /home/gitpod/.ivy2/cache/com.google.code.findbugs/jsr305/jars/jsr305-3.0.2.jar.part -> /home/gitpod/.ivy2/cache/com.google.code.findbugs/jsr305/jars/jsr305-3.0.2.jar (393ms)

		[FAILED     ] com.google.code.findbugs#jsr305;3.0.2!jsr305.jar: impossible to move part file to definitive one: /home/gitpod/.ivy2/cache/com.google.code.findbugs/jsr305/jars/jsr305-3.0.2.jar.part -> /home/gitpod/.ivy2/cache/com.google.code.findbugs/jsr305/jars/jsr305-3.0.2.jar (393ms)

	==== central: tried

	  https://repo1.maven.org/maven2/com/google/code/findbugs/jsr305/3.0.2/jsr305-3.0.2.jar

		[FAILED     ] com.fasterxml.woodstox#woodstox-core;5.3.0!woodstox-core.jar(bundle): Downloaded file size (0) doesn't match expected Content Length (522360) for https://repo1.maven.org/maven2/com/fasterxml/woodstox/woodstox-core/5.3.0/woodstox-core-5.3.0.jar. Please retry. (312ms)

		[FAILED     ] com.fasterxml.woodstox#woodstox-core;5.3.0!woodstox-core.jar(bundle): Downloaded file size (0) doesn't match expected Content Length (522360) for https://repo1.maven.org/maven2/com/fasterxml/woodstox/woodstox-core/5.3.0/woodstox-core-5.3.0.jar. Please retry. (312ms)

	==== central: tried

	  https://repo1.maven.org/maven2/com/fasterxml/woodstox/woodstox-core/5.3.0/woodstox-core-5.3.0.jar

		[FAILED     ] org.xerial.snappy#snappy-java;1.1.8.2!snappy-java.jar(bundle): Downloaded file size (81920) doesn't match expected Content Length (1969177) for https://repo1.maven.org/maven2/org/xerial/snappy/snappy-java/1.1.8.2/snappy-java-1.1.8.2.jar. Please retry. (528ms)

		[FAILED     ] org.xerial.snappy#snappy-java;1.1.8.2!snappy-java.jar(bundle): Downloaded file size (81920) doesn't match expected Content Length (1969177) for https://repo1.maven.org/maven2/org/xerial/snappy/snappy-java/1.1.8.2/snappy-java-1.1.8.2.jar. Please retry. (528ms)

	==== central: tried

	  https://repo1.maven.org/maven2/org/xerial/snappy/snappy-java/1.1.8.2/snappy-java-1.1.8.2.jar

		[FAILED     ] org.eclipse.jetty#jetty-util-ajax;9.4.43.v20210629!jetty-util-ajax.jar: Downloaded file size (0) doesn't match expected Content Length (65238) for https://repo1.maven.org/maven2/org/eclipse/jetty/jetty-util-ajax/9.4.43.v20210629/jetty-util-ajax-9.4.43.v20210629.jar. Please retry. (94ms)

		[FAILED     ] org.eclipse.jetty#jetty-util-ajax;9.4.43.v20210629!jetty-util-ajax.jar: Downloaded file size (0) doesn't match expected Content Length (65238) for https://repo1.maven.org/maven2/org/eclipse/jetty/jetty-util-ajax/9.4.43.v20210629/jetty-util-ajax-9.4.43.v20210629.jar. Please retry. (94ms)

	==== central: tried

	  https://repo1.maven.org/maven2/org/eclipse/jetty/jetty-util-ajax/9.4.43.v20210629/jetty-util-ajax-9.4.43.v20210629.jar

		[FAILED     ] com.sun.xml.bind#jaxb-impl;2.2.3-1!jaxb-impl.jar: Downloaded file size (0) doesn't match expected Content Length (890168) for https://repo1.maven.org/maven2/com/sun/xml/bind/jaxb-impl/2.2.3-1/jaxb-impl-2.2.3-1.jar. Please retry. (107ms)

		[FAILED     ] com.sun.xml.bind#jaxb-impl;2.2.3-1!jaxb-impl.jar: Downloaded file size (0) doesn't match expected Content Length (890168) for https://repo1.maven.org/maven2/com/sun/xml/bind/jaxb-impl/2.2.3-1/jaxb-impl-2.2.3-1.jar. Please retry. (107ms)

	==== central: tried

	  https://repo1.maven.org/maven2/com/sun/xml/bind/jaxb-impl/2.2.3-1/jaxb-impl-2.2.3-1.jar

		[FAILED     ] org.codehaus.jackson#jackson-core-asl;1.9.13!jackson-core-asl.jar: Downloaded file size (0) doesn't match expected Content Length (232248) for https://repo1.maven.org/maven2/org/codehaus/jackson/jackson-core-asl/1.9.13/jackson-core-asl-1.9.13.jar. Please retry. (128ms)

		[FAILED     ] org.codehaus.jackson#jackson-mapper-asl;1.9.13!jackson-mapper-asl.jar: Downloaded file size (0) doesn't match expected Content Length (780664) for https://repo1.maven.org/maven2/org/codehaus/jackson/jackson-mapper-asl/1.9.13/jackson-mapper-asl-1.9.13.jar. Please retry. (231ms)

		[FAILED     ] org.codehaus.jackson#jackson-mapper-asl;1.9.13!jackson-mapper-asl.jar: Downloaded file size (0) doesn't match expected Content Length (780664) for https://repo1.maven.org/maven2/org/codehaus/jackson/jackson-mapper-asl/1.9.13/jackson-mapper-asl-1.9.13.jar. Please retry. (231ms)

	==== central: tried

	  https://repo1.maven.org/maven2/org/codehaus/jackson/jackson-mapper-asl/1.9.13/jackson-mapper-asl-1.9.13.jar

		[FAILED     ] org.codehaus.jackson#jackson-jaxrs;1.9.13!jackson-jaxrs.jar: Downloaded file size (15830) doesn't match expected Content Length (18336) for https://repo1.maven.org/maven2/org/codehaus/jackson/jackson-jaxrs/1.9.13/jackson-jaxrs-1.9.13.jar. Please retry. (92ms)

		[FAILED     ] org.codehaus.jackson#jackson-jaxrs;1.9.13!jackson-jaxrs.jar: Downloaded file size (15830) doesn't match expected Content Length (18336) for https://repo1.maven.org/maven2/org/codehaus/jackson/jackson-jaxrs/1.9.13/jackson-jaxrs-1.9.13.jar. Please retry. (92ms)

	==== central: tried

	  https://repo1.maven.org/maven2/org/codehaus/jackson/jackson-jaxrs/1.9.13/jackson-jaxrs-1.9.13.jar

		[FAILED     ] org.codehaus.jackson#jackson-xc;1.9.13!jackson-xc.jar: Downloaded file size (0) doesn't match expected Content Length (27084) for https://repo1.maven.org/maven2/org/codehaus/jackson/jackson-xc/1.9.13/jackson-xc-1.9.13.jar. Please retry. (30ms)

		[FAILED     ] org.codehaus.jackson#jackson-xc;1.9.13!jackson-xc.jar: Downloaded file size (0) doesn't match expected Content Length (27084) for https://repo1.maven.org/maven2/org/codehaus/jackson/jackson-xc/1.9.13/jackson-xc-1.9.13.jar. Please retry. (30ms)

	==== central: tried

	  https://repo1.maven.org/maven2/org/codehaus/jackson/jackson-xc/1.9.13/jackson-xc-1.9.13.jar

		[FAILED     ] com.thoughtworks.paranamer#paranamer;2.3!paranamer.jar: Downloaded file size (0) doesn't match expected Content Length (29555) for https://repo1.maven.org/maven2/com/thoughtworks/paranamer/paranamer/2.3/paranamer-2.3.jar. Please retry. (100ms)

		[FAILED     ] com.thoughtworks.paranamer#paranamer;2.3!paranamer.jar: Downloaded file size (0) doesn't match expected Content Length (29555) for https://repo1.maven.org/maven2/com/thoughtworks/paranamer/paranamer/2.3/paranamer-2.3.jar. Please retry. (100ms)

	==== central: tried

	  https://repo1.maven.org/maven2/com/thoughtworks/paranamer/paranamer/2.3/paranamer-2.3.jar

		::::::::::::::::::::::::::::::::::::::::::::::

		::          UNRESOLVED DEPENDENCIES         ::

		::::::::::::::::::::::::::::::::::::::::::::::

		:: com.google.guava#guava;27.0-jre: not found

		:: commons-codec#commons-codec;1.15: not found

		:: commons-collections#commons-collections;3.2.2: not found

		:: org.eclipse.jetty#jetty-server;9.4.43.v20210629: not found

		:: javax.xml.bind#jaxb-api;2.2.11: not found

		:: org.apache.commons#commons-text;1.4: not found

		:: org.slf4j#slf4j-api;1.7.36: not found

		:: org.apache.hadoop#hadoop-auth;3.3.4: not found

		:: com.jcraft#jsch;0.1.55: not found

		:: org.apache.kerby#kerb-core;1.0.1: not found

		:: com.fasterxml.jackson.core#jackson-annotations;2.12.7: not found

		::::::::::::::::::::::::::::::::::::::::::::::


		::::::::::::::::::::::::::::::::::::::::::::::

		::              FAILED DOWNLOADS            ::

		:: ^ see resolution messages for details  ^ ::

		::::::::::::::::::::::::::::::::::::::::::::::

		:: io.delta#delta-spark_2.12;3.1.0!delta-spark_2.12.jar

		:: com.amazonaws#aws-java-sdk-bundle;1.12.262!aws-java-sdk-bundle.jar

		:: org.apache.hadoop#hadoop-common;3.3.4!hadoop-common.jar

		:: org.apache.httpcomponents#httpclient;4.5.13!httpclient.jar

		:: commons-net#commons-net;3.6!commons-net.jar

		:: org.eclipse.jetty#jetty-util-ajax;9.4.43.v20210629!jetty-util-ajax.jar

		:: com.sun.jersey#jersey-servlet;1.19!jersey-servlet.jar

		:: com.sun.jersey#jersey-json;1.19!jersey-json.jar

		:: com.sun.xml.bind#jaxb-impl;2.2.3-1!jaxb-impl.jar

		:: org.codehaus.jackson#jackson-mapper-asl;1.9.13!jackson-mapper-asl.jar

		:: org.codehaus.jackson#jackson-jaxrs;1.9.13!jackson-jaxrs.jar

		:: org.codehaus.jackson#jackson-xc;1.9.13!jackson-xc.jar

		:: commons-beanutils#commons-beanutils;1.9.4!commons-beanutils.jar

		:: org.apache.commons#commons-configuration2;2.1.1!commons-configuration2.jar

		:: com.thoughtworks.paranamer#paranamer;2.3!paranamer.jar

		:: org.xerial.snappy#snappy-java;1.1.8.2!snappy-java.jar(bundle)

		:: com.google.code.findbugs#jsr305;3.0.2!jsr305.jar

		:: com.fasterxml.woodstox#woodstox-core;5.3.0!woodstox-core.jar(bundle)

		::::::::::::::::::::::::::::::::::::::::::::::


:::: ERRORS
	unknown resolver null

	unknown resolver null

	unknown resolver null


:: USE VERBOSE OR DEBUG MESSAGE LEVEL FOR MORE DETAILS
Exception in thread "main" java.lang.RuntimeException: [unresolved dependency: com.google.guava#guava;27.0-jre: not found, unresolved dependency: commons-codec#commons-codec;1.15: not found, unresolved dependency: commons-collections#commons-collections;3.2.2: not found, unresolved dependency: org.eclipse.jetty#jetty-server;9.4.43.v20210629: not found, unresolved dependency: javax.xml.bind#jaxb-api;2.2.11: not found, unresolved dependency: org.apache.commons#commons-text;1.4: not found, unresolved dependency: org.slf4j#slf4j-api;1.7.36: not found, unresolved dependency: org.apache.hadoop#hadoop-auth;3.3.4: not found, unresolved dependency: com.jcraft#jsch;0.1.55: not found, unresolved dependency: org.apache.kerby#kerb-core;1.0.1: not found, unresolved dependency: com.fasterxml.jackson.core#jackson-annotations;2.12.7: not found, download failed: io.delta#delta-spark_2.12;3.1.0!delta-spark_2.12.jar, download failed: com.amazonaws#aws-java-sdk-bundle;1.12.262!aws-java-sdk-bundle.jar, download failed: org.apache.hadoop#hadoop-common;3.3.4!hadoop-common.jar, download failed: org.apache.httpcomponents#httpclient;4.5.13!httpclient.jar, download failed: commons-net#commons-net;3.6!commons-net.jar, download failed: org.eclipse.jetty#jetty-util-ajax;9.4.43.v20210629!jetty-util-ajax.jar, download failed: com.sun.jersey#jersey-servlet;1.19!jersey-servlet.jar, download failed: com.sun.jersey#jersey-json;1.19!jersey-json.jar, download failed: com.sun.xml.bind#jaxb-impl;2.2.3-1!jaxb-impl.jar, download failed: org.codehaus.jackson#jackson-mapper-asl;1.9.13!jackson-mapper-asl.jar, download failed: org.codehaus.jackson#jackson-jaxrs;1.9.13!jackson-jaxrs.jar, download failed: org.codehaus.jackson#jackson-xc;1.9.13!jackson-xc.jar, download failed: commons-beanutils#commons-beanutils;1.9.4!commons-beanutils.jar, download failed: org.apache.commons#commons-configuration2;2.1.1!commons-configuration2.jar, download failed: com.thoughtworks.paranamer#paranamer;2.3!paranamer.jar, download failed: org.xerial.snappy#snappy-java;1.1.8.2!snappy-java.jar(bundle), download failed: com.google.code.findbugs#jsr305;3.0.2!jsr305.jar, download failed: com.fasterxml.woodstox#woodstox-core;5.3.0!woodstox-core.jar(bundle)]
	at org.apache.spark.deploy.SparkSubmitUtils$.resolveMavenCoordinates(SparkSubmit.scala:1608)
	at org.apache.spark.util.DependencyUtils$.resolveMavenDependencies(DependencyUtils.scala:185)
	at org.apache.spark.deploy.SparkSubmit.prepareSubmitEnvironment(SparkSubmit.scala:334)
	at org.apache.spark.deploy.SparkSubmit.org$apache$spark$deploy$SparkSubmit$$runMain(SparkSubmit.scala:964)
	at org.apache.spark.deploy.SparkSubmit.doRunMain$1(SparkSubmit.scala:194)
	at org.apache.spark.deploy.SparkSubmit.submit(SparkSubmit.scala:217)
	at org.apache.spark.deploy.SparkSubmit.doSubmit(SparkSubmit.scala:91)
	at org.apache.spark.deploy.SparkSubmit$$anon$2.doSubmit(SparkSubmit.scala:1120)
	at org.apache.spark.deploy.SparkSubmit$.main(SparkSubmit.scala:1129)
	at org.apache.spark.deploy.SparkSubmit.main(SparkSubmit.scala)
[32m2024-05-31 15:31:46 +0000[0m - dagster - [34mDEBUG[0m - __ASSET_JOB - 29657144-f47b-4730-a719-19652768d51f - 17095 - spark_operator.create_stock_tables[stock_AAFRF_path] - STEP_UP_FOR_RETRY - Execution of step "spark_operator.create_stock_tables[stock_AAFRF_path]" failed and has requested a retry in 0.09420337907539458 seconds.

dagster._core.execution.plan.utils.RetryRequestedFromPolicy

Stack Trace:
  File "/workspace/.pyenv_mirror/user/current/lib/python3.12/site-packages/dagster/_core/execution/plan/execute_plan.py", line 282, in dagster_event_sequence_for_step
    for step_event in check.generator(step_events):
  File "/workspace/.pyenv_mirror/user/current/lib/python3.12/site-packages/dagster/_core/execution/plan/execute_step.py", line 525, in core_dagster_event_sequence_for_step
    for user_event in _step_output_error_checked_user_event_sequence(
  File "/workspace/.pyenv_mirror/user/current/lib/python3.12/site-packages/dagster/_core/execution/plan/execute_step.py", line 203, in _step_output_error_checked_user_event_sequence
    for user_event in user_event_sequence:
  File "/workspace/.pyenv_mirror/user/current/lib/python3.12/site-packages/dagster/_core/execution/plan/execute_step.py", line 100, in _process_asset_results_to_events
    for user_event in user_event_sequence:
  File "/workspace/.pyenv_mirror/user/current/lib/python3.12/site-packages/dagster/_core/execution/plan/compute.py", line 208, in execute_core_compute
    for step_output in _yield_compute_results(step_context, inputs, compute_fn, compute_context):
  File "/workspace/.pyenv_mirror/user/current/lib/python3.12/site-packages/dagster/_core/execution/plan/compute.py", line 177, in _yield_compute_results
    for event in iterate_with_context(
  File "/workspace/.pyenv_mirror/user/current/lib/python3.12/site-packages/dagster/_utils/__init__.py", line 466, in iterate_with_context
    with context_fn():
  File "/home/gitpod/.pyenv/versions/3.12.3/lib/python3.12/contextlib.py", line 158, in __exit__
    self.gen.throw(value)
  File "/workspace/.pyenv_mirror/user/current/lib/python3.12/site-packages/dagster/_core/execution/plan/utils.py", line 72, in op_execution_error_boundary
    raise RetryRequestedFromPolicy(

The above exception was caused by the following exception:
pyspark.errors.exceptions.base.PySparkRuntimeError: [JAVA_GATEWAY_EXITED] Java gateway process exited before sending its port number.

Stack Trace:
  File "/workspace/.pyenv_mirror/user/current/lib/python3.12/site-packages/dagster/_core/execution/plan/utils.py", line 54, in op_execution_error_boundary
    yield
  File "/workspace/.pyenv_mirror/user/current/lib/python3.12/site-packages/dagster/_utils/__init__.py", line 468, in iterate_with_context
    next_output = next(iterator)
                  ^^^^^^^^^^^^^^
  File "/workspace/.pyenv_mirror/user/current/lib/python3.12/site-packages/dagster/_core/execution/plan/compute_generator.py", line 141, in _coerce_op_compute_fn_to_iterator
    result = invoke_compute_fn(
             ^^^^^^^^^^^^^^^^^^
  File "/workspace/.pyenv_mirror/user/current/lib/python3.12/site-packages/dagster/_core/execution/plan/compute_generator.py", line 129, in invoke_compute_fn
    return fn(context, **args_to_pass) if context_arg_provided else fn(**args_to_pass)
           ^^^^^^^^^^^^^^^^^^^^^^^^^^^
  File "/workspace/practical-data-engineering/finnhub-batch-stock-pipeline/finnhub_batch_stock_pipeline/assets/spark_transformations.py", line 113, in create_stock_tables
    spark = pyspark.spark_session
            ^^^^^^^^^^^^^^^^^^^^^
  File "/workspace/.pyenv_mirror/user/current/lib/python3.12/site-packages/dagster_pyspark/resources.py", line 134, in spark_session
    self._init_session()
  File "/workspace/.pyenv_mirror/user/current/lib/python3.12/site-packages/dagster_pyspark/resources.py", line 130, in _init_session
    self._spark_session = spark_session_from_config(self.spark_config)
                          ^^^^^^^^^^^^^^^^^^^^^^^^^^^^^^^^^^^^^^^^^^^^
  File "/workspace/.pyenv_mirror/user/current/lib/python3.12/site-packages/dagster_pyspark/resources.py", line 20, in spark_session_from_config
    return builder.getOrCreate()
           ^^^^^^^^^^^^^^^^^^^^^
  File "/workspace/.pyenv_mirror/user/current/lib/python3.12/site-packages/pyspark/sql/session.py", line 497, in getOrCreate
    sc = SparkContext.getOrCreate(sparkConf)
         ^^^^^^^^^^^^^^^^^^^^^^^^^^^^^^^^^^^
  File "/workspace/.pyenv_mirror/user/current/lib/python3.12/site-packages/pyspark/context.py", line 515, in getOrCreate
    SparkContext(conf=conf or SparkConf())
  File "/workspace/.pyenv_mirror/user/current/lib/python3.12/site-packages/pyspark/context.py", line 201, in __init__
    SparkContext._ensure_initialized(self, gateway=gateway, conf=conf)
  File "/workspace/.pyenv_mirror/user/current/lib/python3.12/site-packages/pyspark/context.py", line 436, in _ensure_initialized
    SparkContext._gateway = gateway or launch_gateway(conf)
                                       ^^^^^^^^^^^^^^^^^^^^
  File "/workspace/.pyenv_mirror/user/current/lib/python3.12/site-packages/pyspark/java_gateway.py", line 107, in launch_gateway
    raise PySparkRuntimeError(

